[0m20:49:52.225555 [debug] [MainThread]: Sending event: {'category': 'dbt', 'action': 'invocation', 'label': 'start', 'context': [<snowplow_tracker.self_describing_json.SelfDescribingJson object at 0x000001BE2699C8D0>, <snowplow_tracker.self_describing_json.SelfDescribingJson object at 0x000001BE279C3D50>, <snowplow_tracker.self_describing_json.SelfDescribingJson object at 0x000001BE279C2C90>]}


============================== 20:49:52.283117 | ba00bd41-3886-4fa5-a821-e67bca97eec9 ==============================
[0m20:49:52.283117 [info ] [MainThread]: Running with dbt=1.11.8
[0m20:49:52.285132 [debug] [MainThread]: running dbt with arguments {'version_check': 'True', 'no_print': 'None', 'static_parser': 'True', 'warn_error_options': 'WarnErrorOptionsV2(error=[], warn=[], silence=[])', 'target_path': 'None', 'printer_width': '80', 'write_json': 'True', 'empty': 'None', 'log_cache_events': 'False', 'introspect': 'True', 'cache_selected_only': 'False', 'fail_fast': 'False', 'debug': 'False', 'log_format': 'default', 'partial_parse': 'True', 'send_anonymous_usage_stats': 'True', 'quiet': 'False', 'warn_error': 'None', 'profiles_dir': '.', 'use_colors': 'True', 'indirect_selection': 'eager', 'invocation_command': 'dbt debug --profiles-dir .', 'use_experimental_parser': 'False', 'log_path': 'C:\\Users\\DELL\\Documents\\Customer-Segmentation-Analysis\\dbt\\logs'}
[0m20:49:52.829574 [info ] [MainThread]: dbt version: 1.11.8
[0m20:49:52.869897 [info ] [MainThread]: python version: 3.11.9
[0m20:49:52.892085 [info ] [MainThread]: python path: C:\Users\DELL\Documents\Customer-Segmentation-Analysis\venv\Scripts\python.exe
[0m20:49:52.921805 [info ] [MainThread]: os info: Windows-10-10.0.26200-SP0
[0m20:49:54.232584 [info ] [MainThread]: Using profiles dir at .
[0m20:49:54.241999 [info ] [MainThread]: Using profiles.yml file at .\profiles.yml
[0m20:49:54.241999 [info ] [MainThread]: Using dbt_project.yml file at C:\Users\DELL\Documents\Customer-Segmentation-Analysis\dbt\dbt_project.yml
[0m20:49:54.258039 [info ] [MainThread]: adapter type: postgres
[0m20:49:54.258039 [info ] [MainThread]: adapter version: 1.10.0
[0m20:49:54.544344 [info ] [MainThread]: Configuration:
[0m20:49:54.547489 [info ] [MainThread]:   profiles.yml file [[32mOK found and valid[0m]
[0m20:49:54.578856 [info ] [MainThread]:   dbt_project.yml file [[32mOK found and valid[0m]
[0m20:49:54.603084 [info ] [MainThread]: Required dependencies:
[0m20:49:54.621243 [debug] [MainThread]: Executing "git --help"
[0m20:49:56.196237 [debug] [MainThread]: STDOUT: "b"usage: git [-v | --version] [-h | --help] [-C <path>] [-c <name>=<value>]\n           [--exec-path[=<path>]] [--html-path] [--man-path] [--info-path]\n           [-p | --paginate | -P | --no-pager] [--no-replace-objects] [--no-lazy-fetch]\n           [--no-optional-locks] [--no-advice] [--bare] [--git-dir=<path>]\n           [--work-tree=<path>] [--namespace=<name>] [--config-env=<name>=<envvar>]\n           <command> [<args>]\n\nThese are common Git commands used in various situations:\n\nstart a working area (see also: git help tutorial)\n   clone      Clone a repository into a new directory\n   init       Create an empty Git repository or reinitialize an existing one\n\nwork on the current change (see also: git help everyday)\n   add        Add file contents to the index\n   mv         Move or rename a file, a directory, or a symlink\n   restore    Restore working tree files\n   rm         Remove files from the working tree and from the index\n\nexamine the history and state (see also: git help revisions)\n   bisect     Use binary search to find the commit that introduced a bug\n   diff       Show changes between commits, commit and working tree, etc\n   grep       Print lines matching a pattern\n   log        Show commit logs\n   show       Show various types of objects\n   status     Show the working tree status\n\ngrow, mark and tweak your common history\n   backfill   Download missing objects in a partial clone\n   branch     List, create, or delete branches\n   commit     Record changes to the repository\n   merge      Join two or more development histories together\n   rebase     Reapply commits on top of another base tip\n   reset      Reset current HEAD to the specified state\n   switch     Switch branches\n   tag        Create, list, delete or verify a tag object signed with GPG\n\ncollaborate (see also: git help workflows)\n   fetch      Download objects and refs from another repository\n   pull       Fetch from and integrate with another repository or a local branch\n   push       Update remote refs along with associated objects\n\n'git help -a' and 'git help -g' list available subcommands and some\nconcept guides. See 'git help <command>' or 'git help <concept>'\nto read about a specific subcommand or concept.\nSee 'git help git' for an overview of the system.\n""
[0m20:49:56.198789 [debug] [MainThread]: STDERR: "b''"
[0m20:49:56.200803 [info ] [MainThread]:  - git [[32mOK found[0m]

[0m20:49:56.202817 [info ] [MainThread]: Connection:
[0m20:49:56.204832 [info ] [MainThread]:   host: localhost
[0m20:49:56.204832 [info ] [MainThread]:   port: 5432
[0m20:49:56.206846 [info ] [MainThread]:   user: postgres
[0m20:49:56.209869 [info ] [MainThread]:   database: customer_segments
[0m20:49:56.209869 [info ] [MainThread]:   schema: customer_dw
[0m20:49:56.209869 [info ] [MainThread]:   connect_timeout: 10
[0m20:49:56.216960 [info ] [MainThread]:   role: None
[0m20:49:56.217973 [info ] [MainThread]:   search_path: None
[0m20:49:56.219989 [info ] [MainThread]:   keepalives_idle: 0
[0m20:49:56.223820 [info ] [MainThread]:   sslmode: None
[0m20:49:56.223820 [info ] [MainThread]:   sslcert: None
[0m20:49:56.223820 [info ] [MainThread]:   sslkey: None
[0m20:49:56.223820 [info ] [MainThread]:   sslrootcert: None
[0m20:49:56.223820 [info ] [MainThread]:   application_name: dbt
[0m20:49:56.231649 [info ] [MainThread]:   retries: 1
[0m20:49:56.235641 [info ] [MainThread]: Registered adapter: postgres=1.10.0
[0m20:49:57.077063 [debug] [MainThread]: Acquiring new postgres connection 'debug'
[0m20:49:57.632028 [debug] [MainThread]: Using postgres connection "debug"
[0m20:49:57.632028 [debug] [MainThread]: On debug: select 1 as id
[0m20:49:57.632028 [debug] [MainThread]: Opening a new connection, currently in state init
[0m20:49:57.865421 [debug] [MainThread]: SQL status: SELECT 1 in 0.231 seconds
[0m20:49:57.865421 [debug] [MainThread]: On debug: Close
[0m20:49:57.875539 [info ] [MainThread]:   Connection test: [[32mOK connection ok[0m]

[0m20:49:57.875539 [info ] [MainThread]: [32mAll checks passed![0m
[0m20:49:57.875539 [debug] [MainThread]: Command `dbt debug` succeeded at 20:49:57.875539 after 5.93 seconds
[0m20:49:57.882075 [debug] [MainThread]: Connection 'debug' was properly closed.
[0m20:49:57.884084 [debug] [MainThread]: Sending event: {'category': 'dbt', 'action': 'invocation', 'label': 'end', 'context': [<snowplow_tracker.self_describing_json.SelfDescribingJson object at 0x000001BE1FBF1210>, <snowplow_tracker.self_describing_json.SelfDescribingJson object at 0x000001BE26651A10>, <snowplow_tracker.self_describing_json.SelfDescribingJson object at 0x000001BE26746610>]}
[0m20:49:57.884084 [debug] [MainThread]: Flushing usage events
[0m20:50:02.108090 [debug] [MainThread]: An error was encountered while trying to flush usage events
[0m20:53:30.527068 [debug] [MainThread]: Sending event: {'category': 'dbt', 'action': 'invocation', 'label': 'start', 'context': [<snowplow_tracker.self_describing_json.SelfDescribingJson object at 0x000002B074B0CF10>, <snowplow_tracker.self_describing_json.SelfDescribingJson object at 0x000002B074B0EA90>, <snowplow_tracker.self_describing_json.SelfDescribingJson object at 0x000002B074B0D510>]}


============================== 20:53:30.529010 | 72ad23a1-947e-4b24-a501-189df3310e38 ==============================
[0m20:53:30.529010 [info ] [MainThread]: Running with dbt=1.11.8
[0m20:53:30.529010 [debug] [MainThread]: running dbt with arguments {'version_check': 'True', 'no_print': 'None', 'static_parser': 'True', 'target_path': 'None', 'warn_error_options': 'WarnErrorOptionsV2(error=[], warn=[], silence=[])', 'printer_width': '80', 'write_json': 'True', 'introspect': 'True', 'log_cache_events': 'False', 'empty': 'False', 'cache_selected_only': 'False', 'log_format': 'default', 'debug': 'False', 'fail_fast': 'False', 'profiles_dir': '.', 'send_anonymous_usage_stats': 'True', 'quiet': 'False', 'warn_error': 'None', 'partial_parse': 'True', 'use_colors': 'True', 'indirect_selection': 'eager', 'invocation_command': 'dbt run --profiles-dir .', 'use_experimental_parser': 'False', 'log_path': 'C:\\Users\\DELL\\Documents\\Customer-Segmentation-Analysis\\dbt\\logs'}
[0m20:53:32.677294 [debug] [MainThread]: Sending event: {'category': 'dbt', 'action': 'project_id', 'label': '72ad23a1-947e-4b24-a501-189df3310e38', 'context': [<snowplow_tracker.self_describing_json.SelfDescribingJson object at 0x000002B075BC6C50>]}
[0m20:53:32.746374 [debug] [MainThread]: Sending event: {'category': 'dbt', 'action': 'adapter_info', 'label': '72ad23a1-947e-4b24-a501-189df3310e38', 'context': [<snowplow_tracker.self_describing_json.SelfDescribingJson object at 0x000002B0712AFF50>]}
[0m20:53:32.746374 [info ] [MainThread]: Registered adapter: postgres=1.10.0
[0m20:53:33.240126 [debug] [MainThread]: checksum: 7d524ac048c2100769df89d592e662e060a73ca564e31bd9c2a37efdfe8d8ab6, vars: {}, profile: , target: , version: 1.11.8
[0m20:53:33.250341 [info ] [MainThread]: Unable to do partial parsing because saved manifest not found. Starting full parse.
[0m20:53:33.250341 [debug] [MainThread]: Sending event: {'category': 'dbt', 'action': 'partial_parser', 'label': '72ad23a1-947e-4b24-a501-189df3310e38', 'context': [<snowplow_tracker.self_describing_json.SelfDescribingJson object at 0x000002B074B0E310>]}
[0m20:53:35.328558 [debug] [MainThread]: Sending event: {'category': 'dbt', 'action': 'load_project', 'label': '72ad23a1-947e-4b24-a501-189df3310e38', 'context': [<snowplow_tracker.self_describing_json.SelfDescribingJson object at 0x000002B076193350>]}
[0m20:53:35.430284 [debug] [MainThread]: Wrote artifact WritableManifest to C:\Users\DELL\Documents\Customer-Segmentation-Analysis\dbt\target\manifest.json
[0m20:53:36.626359 [debug] [MainThread]: Wrote artifact SemanticManifest to C:\Users\DELL\Documents\Customer-Segmentation-Analysis\dbt\target\semantic_manifest.json
[0m20:53:36.702117 [debug] [MainThread]: Sending event: {'category': 'dbt', 'action': 'resource_counts', 'label': '72ad23a1-947e-4b24-a501-189df3310e38', 'context': [<snowplow_tracker.self_describing_json.SelfDescribingJson object at 0x000002B0764C2550>]}
[0m20:53:36.702653 [info ] [MainThread]: Found 4 models, 4 data tests, 1 source, 465 macros
[0m20:53:36.703973 [debug] [MainThread]: Sending event: {'category': 'dbt', 'action': 'runnable_timing', 'label': '72ad23a1-947e-4b24-a501-189df3310e38', 'context': [<snowplow_tracker.self_describing_json.SelfDescribingJson object at 0x000002B073110C90>]}
[0m20:53:36.706386 [info ] [MainThread]: 
[0m20:53:36.706996 [info ] [MainThread]: Concurrency: 4 threads (target='dev')
[0m20:53:36.706996 [info ] [MainThread]: 
[0m20:53:36.706996 [debug] [MainThread]: Acquiring new postgres connection 'master'
[0m20:53:36.715203 [debug] [ThreadPool]: Acquiring new postgres connection 'list_customer_segments'
[0m20:53:36.723388 [debug] [ThreadPool]: Acquiring new postgres connection 'list_customer_segments'
[0m20:53:36.839247 [debug] [ThreadPool]: Using postgres connection "list_customer_segments"
[0m20:53:36.839247 [debug] [ThreadPool]: Using postgres connection "list_customer_segments"
[0m20:53:36.839247 [debug] [ThreadPool]: On list_customer_segments: /* {"app": "dbt", "dbt_version": "1.11.8", "profile_name": "segmentation_analytics", "target_name": "dev", "connection_name": "list_customer_segments"} */

    select distinct nspname from pg_namespace
  
[0m20:53:36.839247 [debug] [ThreadPool]: On list_customer_segments: /* {"app": "dbt", "dbt_version": "1.11.8", "profile_name": "segmentation_analytics", "target_name": "dev", "connection_name": "list_customer_segments"} */

    select distinct nspname from pg_namespace
  
[0m20:53:36.839247 [debug] [ThreadPool]: Opening a new connection, currently in state init
[0m20:53:36.839247 [debug] [ThreadPool]: Opening a new connection, currently in state init
[0m20:53:38.004601 [debug] [ThreadPool]: SQL status: SELECT 5 in 1.165 seconds
[0m20:53:38.004601 [debug] [ThreadPool]: SQL status: SELECT 5 in 1.165 seconds
[0m20:53:38.004601 [debug] [ThreadPool]: On list_customer_segments: Close
[0m20:53:38.012917 [debug] [ThreadPool]: On list_customer_segments: Close
[0m20:53:38.012917 [debug] [ThreadPool]: Re-using an available connection from the pool (formerly list_customer_segments, now create_customer_segments_customer_dw_staging)
[0m20:53:38.012917 [debug] [ThreadPool]: Re-using an available connection from the pool (formerly list_customer_segments, now create_customer_segments_customer_dw_marts)
[0m20:53:38.012917 [debug] [ThreadPool]: Creating schema "database: "customer_segments"
schema: "customer_dw_staging"
"
[0m20:53:38.023131 [debug] [ThreadPool]: Creating schema "database: "customer_segments"
schema: "customer_dw_marts"
"
[0m20:53:38.046647 [debug] [ThreadPool]: Using postgres connection "create_customer_segments_customer_dw_staging"
[0m20:53:38.140384 [debug] [ThreadPool]: Using postgres connection "create_customer_segments_customer_dw_marts"
[0m20:53:38.140384 [debug] [ThreadPool]: On create_customer_segments_customer_dw_staging: /* {"app": "dbt", "dbt_version": "1.11.8", "profile_name": "segmentation_analytics", "target_name": "dev", "connection_name": "create_customer_segments_customer_dw_staging"} */
create schema if not exists "customer_dw_staging"
[0m20:53:38.142396 [debug] [ThreadPool]: On create_customer_segments_customer_dw_marts: /* {"app": "dbt", "dbt_version": "1.11.8", "profile_name": "segmentation_analytics", "target_name": "dev", "connection_name": "create_customer_segments_customer_dw_marts"} */
create schema if not exists "customer_dw_marts"
[0m20:53:38.143717 [debug] [ThreadPool]: Opening a new connection, currently in state closed
[0m20:53:38.143717 [debug] [ThreadPool]: Opening a new connection, currently in state closed
[0m20:53:38.330169 [debug] [ThreadPool]: SQL status: CREATE SCHEMA in 0.186 seconds
[0m20:53:38.332314 [debug] [ThreadPool]: SQL status: CREATE SCHEMA in 0.189 seconds
[0m20:53:38.334325 [debug] [ThreadPool]: On create_customer_segments_customer_dw_marts: COMMIT
[0m20:53:38.336077 [debug] [ThreadPool]: On create_customer_segments_customer_dw_staging: COMMIT
[0m20:53:38.338086 [debug] [ThreadPool]: Using postgres connection "create_customer_segments_customer_dw_marts"
[0m20:53:38.347276 [debug] [ThreadPool]: Using postgres connection "create_customer_segments_customer_dw_staging"
[0m20:53:38.351590 [debug] [ThreadPool]: On create_customer_segments_customer_dw_marts: COMMIT
[0m20:53:38.354932 [debug] [ThreadPool]: On create_customer_segments_customer_dw_staging: COMMIT
[0m20:53:38.361672 [debug] [ThreadPool]: SQL status: COMMIT in 0.003 seconds
[0m20:53:38.361672 [debug] [ThreadPool]: SQL status: COMMIT in 0.004 seconds
[0m20:53:38.364270 [debug] [ThreadPool]: On create_customer_segments_customer_dw_marts: Close
[0m20:53:38.365459 [debug] [ThreadPool]: On create_customer_segments_customer_dw_staging: Close
[0m20:53:38.374239 [debug] [ThreadPool]: Acquiring new postgres connection 'list_customer_segments_customer_dw_staging'
[0m20:53:38.390671 [debug] [ThreadPool]: Acquiring new postgres connection 'list_customer_segments_customer_dw_marts'
[0m20:53:38.406824 [debug] [ThreadPool]: Using postgres connection "list_customer_segments_customer_dw_staging"
[0m20:53:38.419111 [debug] [ThreadPool]: Using postgres connection "list_customer_segments_customer_dw_marts"
[0m20:53:38.421121 [debug] [ThreadPool]: On list_customer_segments_customer_dw_staging: /* {"app": "dbt", "dbt_version": "1.11.8", "profile_name": "segmentation_analytics", "target_name": "dev", "connection_name": "list_customer_segments_customer_dw_staging"} */
select
      'customer_segments' as database,
      tablename as name,
      schemaname as schema,
      'table' as type
    from pg_tables
    where schemaname ilike 'customer_dw_staging'
    union all
    select
      'customer_segments' as database,
      viewname as name,
      schemaname as schema,
      'view' as type
    from pg_views
    where schemaname ilike 'customer_dw_staging'
    union all
    select
      'customer_segments' as database,
      matviewname as name,
      schemaname as schema,
      'materialized_view' as type
    from pg_matviews
    where schemaname ilike 'customer_dw_staging'
  
[0m20:53:38.423134 [debug] [ThreadPool]: On list_customer_segments_customer_dw_marts: /* {"app": "dbt", "dbt_version": "1.11.8", "profile_name": "segmentation_analytics", "target_name": "dev", "connection_name": "list_customer_segments_customer_dw_marts"} */
select
      'customer_segments' as database,
      tablename as name,
      schemaname as schema,
      'table' as type
    from pg_tables
    where schemaname ilike 'customer_dw_marts'
    union all
    select
      'customer_segments' as database,
      viewname as name,
      schemaname as schema,
      'view' as type
    from pg_views
    where schemaname ilike 'customer_dw_marts'
    union all
    select
      'customer_segments' as database,
      matviewname as name,
      schemaname as schema,
      'materialized_view' as type
    from pg_matviews
    where schemaname ilike 'customer_dw_marts'
  
[0m20:53:38.423134 [debug] [ThreadPool]: Opening a new connection, currently in state init
[0m20:53:38.428488 [debug] [ThreadPool]: Opening a new connection, currently in state init
[0m20:53:39.716055 [debug] [ThreadPool]: SQL status: SELECT 0 in 1.288 seconds
[0m20:53:39.717076 [debug] [ThreadPool]: SQL status: SELECT 0 in 1.291 seconds
[0m20:53:39.720635 [debug] [ThreadPool]: On list_customer_segments_customer_dw_marts: ROLLBACK
[0m20:53:39.724392 [debug] [ThreadPool]: On list_customer_segments_customer_dw_staging: ROLLBACK
[0m20:53:39.726405 [debug] [ThreadPool]: On list_customer_segments_customer_dw_marts: Close
[0m20:53:39.728417 [debug] [ThreadPool]: On list_customer_segments_customer_dw_staging: Close
[0m20:53:39.738495 [debug] [MainThread]: Using postgres connection "master"
[0m20:53:39.738495 [debug] [MainThread]: On master: /* {"app": "dbt", "dbt_version": "1.11.8", "profile_name": "segmentation_analytics", "target_name": "dev", "connection_name": "master"} */
select distinct
        dependent_namespace.nspname as dependent_schema,
        dependent_class.relname as dependent_name,
        referenced_namespace.nspname as referenced_schema,
        referenced_class.relname as referenced_name

    -- Query for views: views are entries in pg_class with an entry in pg_rewrite, but we avoid
    -- a seq scan on pg_rewrite by leveraging the fact there is an "internal" row in pg_depend for
    -- the view...
    from pg_class as dependent_class
    join pg_namespace as dependent_namespace on dependent_namespace.oid = dependent_class.relnamespace
    join pg_depend as dependent_depend on dependent_depend.refobjid = dependent_class.oid
        and dependent_depend.classid = 'pg_rewrite'::regclass
        and dependent_depend.refclassid = 'pg_class'::regclass
        and dependent_depend.deptype = 'i'

    -- ... and via pg_depend (that has a row per column, hence the need for "distinct" above, and
    -- making sure to exclude the internal row to avoid a view appearing to depend on itself)...
    join pg_depend as joining_depend on joining_depend.objid = dependent_depend.objid
        and joining_depend.classid = 'pg_rewrite'::regclass
        and joining_depend.refclassid = 'pg_class'::regclass
        and joining_depend.refobjid != dependent_depend.refobjid

    -- ... we can find the tables they query from in pg_class, but excluding system tables. Note we
    -- don't need need to exclude _dependent_ system tables, because they only query from other
    -- system tables, and so are automatically excluded by excluding _referenced_ system tables
    join pg_class as referenced_class on referenced_class.oid = joining_depend.refobjid
    join pg_namespace as referenced_namespace on referenced_namespace.oid = referenced_class.relnamespace
        and referenced_namespace.nspname != 'information_schema'
        and referenced_namespace.nspname not like 'pg\_%'

    order by
        dependent_schema, dependent_name, referenced_schema, referenced_name;
[0m20:53:39.738495 [debug] [MainThread]: Opening a new connection, currently in state init
[0m20:53:41.109308 [debug] [MainThread]: SQL status: SELECT 0 in 1.365 seconds
[0m20:53:41.124812 [debug] [MainThread]: Sending event: {'category': 'dbt', 'action': 'runnable_timing', 'label': '72ad23a1-947e-4b24-a501-189df3310e38', 'context': [<snowplow_tracker.self_describing_json.SelfDescribingJson object at 0x000002B0769AC350>]}
[0m20:53:41.130063 [debug] [MainThread]: On master: ROLLBACK
[0m20:53:41.133633 [debug] [MainThread]: On master: COMMIT
[0m20:53:41.135879 [debug] [MainThread]: Using postgres connection "master"
[0m20:53:41.137899 [debug] [MainThread]: On master: COMMIT
[0m20:53:41.141436 [debug] [MainThread]: SQL status: COMMIT in 0.001 seconds
[0m20:53:41.143528 [debug] [MainThread]: On master: Close
[0m20:53:41.202981 [debug] [Thread-1 (]: Began running node model.segmentation_analytics.stg_customer_segments
[0m20:53:41.205111 [info ] [Thread-1 (]: 1 of 4 START sql view model customer_dw_staging.stg_customer_segments .......... [RUN]
[0m20:53:41.206866 [debug] [Thread-1 (]: Acquiring new postgres connection 'model.segmentation_analytics.stg_customer_segments'
[0m20:53:41.209996 [debug] [Thread-1 (]: Began compiling node model.segmentation_analytics.stg_customer_segments
[0m20:53:41.245791 [debug] [Thread-1 (]: Writing injected SQL for node "model.segmentation_analytics.stg_customer_segments"
[0m20:53:41.255893 [debug] [Thread-1 (]: Began executing node model.segmentation_analytics.stg_customer_segments
[0m20:53:41.388520 [debug] [Thread-1 (]: Writing runtime sql for node "model.segmentation_analytics.stg_customer_segments"
[0m20:53:41.393261 [debug] [Thread-1 (]: Using postgres connection "model.segmentation_analytics.stg_customer_segments"
[0m20:53:41.395309 [debug] [Thread-1 (]: On model.segmentation_analytics.stg_customer_segments: /* {"app": "dbt", "dbt_version": "1.11.8", "profile_name": "segmentation_analytics", "target_name": "dev", "node_id": "model.segmentation_analytics.stg_customer_segments"} */

  create view "customer_segments"."customer_dw_staging"."stg_customer_segments__dbt_tmp"
    
    
  as (
    /*
  Staging Model: stg_customer_segments
  ======================================
  Cleans and standardises raw customer segmentation data.
  Single source of truth for all downstream segment models.

  Source: customer_dw.customer_segments
  Author: Lawrence Koomson
*/

with source as (

    select * from "customer_segments"."customer_dw"."customer_segments"

),

staged as (

    select
        customer_id,
        upper(trim(gender))                             as gender,
        age_group,
        initcap(trim(region))                           as region,
        initcap(trim(preferred_channel))                as preferred_channel,
        last_purchase_date,
        recency_days,
        frequency,
        total_spend_ghs,
        avg_order_value_ghs,
        num_complaints,
        momo_user,
        loyalty_points,

        rfm_recency,
        rfm_frequency,
        rfm_monetary,
        cluster_id,
        initcap(trim(segment_name))                     as segment_name,
        retention_action,
        clv_score,
        processed_at,

        case
            when recency_days <= 30  then 'Active'
            when recency_days <= 90  then 'Warm'
            when recency_days <= 180 then 'Cooling'
            else 'Dormant'
        end                                             as recency_status,

        case
            when total_spend_ghs >= 10000 then 'Platinum'
            when total_spend_ghs >= 5000  then 'Gold'
            when total_spend_ghs >= 1000  then 'Silver'
            else 'Bronze'
        end                                             as spend_tier,

        case
            when clv_score >= 0.20 then 'High CLV'
            when clv_score >= 0.10 then 'Medium CLV'
            else 'Low CLV'
        end                                             as clv_tier

    from source
    where customer_id is not null

)

select * from staged
  );
[0m20:53:41.396283 [debug] [Thread-1 (]: Opening a new connection, currently in state init
[0m20:53:42.452275 [debug] [Thread-1 (]: SQL status: CREATE VIEW in 1.062 seconds
[0m20:53:42.460486 [debug] [Thread-1 (]: Using postgres connection "model.segmentation_analytics.stg_customer_segments"
[0m20:53:42.460486 [debug] [Thread-1 (]: On model.segmentation_analytics.stg_customer_segments: /* {"app": "dbt", "dbt_version": "1.11.8", "profile_name": "segmentation_analytics", "target_name": "dev", "node_id": "model.segmentation_analytics.stg_customer_segments"} */
alter table "customer_segments"."customer_dw_staging"."stg_customer_segments__dbt_tmp" rename to "stg_customer_segments"
[0m20:53:42.472016 [debug] [Thread-1 (]: SQL status: ALTER TABLE in 0.003 seconds
[0m20:53:42.493134 [debug] [Thread-1 (]: On model.segmentation_analytics.stg_customer_segments: COMMIT
[0m20:53:42.493134 [debug] [Thread-1 (]: Using postgres connection "model.segmentation_analytics.stg_customer_segments"
[0m20:53:42.494942 [debug] [Thread-1 (]: On model.segmentation_analytics.stg_customer_segments: COMMIT
[0m20:53:42.494942 [debug] [Thread-1 (]: SQL status: COMMIT in 0.001 seconds
[0m20:53:42.530280 [debug] [Thread-1 (]: Applying DROP to: "customer_segments"."customer_dw_staging"."stg_customer_segments__dbt_backup"
[0m20:53:42.552766 [debug] [Thread-1 (]: Using postgres connection "model.segmentation_analytics.stg_customer_segments"
[0m20:53:42.554778 [debug] [Thread-1 (]: On model.segmentation_analytics.stg_customer_segments: /* {"app": "dbt", "dbt_version": "1.11.8", "profile_name": "segmentation_analytics", "target_name": "dev", "node_id": "model.segmentation_analytics.stg_customer_segments"} */
drop view if exists "customer_segments"."customer_dw_staging"."stg_customer_segments__dbt_backup" cascade
[0m20:53:42.683878 [debug] [Thread-1 (]: SQL status: DROP VIEW in 0.129 seconds
[0m20:53:42.702114 [debug] [Thread-1 (]: On model.segmentation_analytics.stg_customer_segments: Close
[0m20:53:42.723032 [debug] [Thread-1 (]: Sending event: {'category': 'dbt', 'action': 'run_model', 'label': '72ad23a1-947e-4b24-a501-189df3310e38', 'context': [<snowplow_tracker.self_describing_json.SelfDescribingJson object at 0x000002B0714EB450>]}
[0m20:53:42.726439 [info ] [Thread-1 (]: 1 of 4 OK created sql view model customer_dw_staging.stg_customer_segments ..... [[32mCREATE VIEW[0m in 1.50s]
[0m20:53:42.726857 [debug] [Thread-1 (]: Finished running node model.segmentation_analytics.stg_customer_segments
[0m20:53:42.731122 [debug] [Thread-3 (]: Began running node model.segmentation_analytics.mart_clv_analysis
[0m20:53:42.731122 [debug] [Thread-4 (]: Began running node model.segmentation_analytics.mart_segments_by_region
[0m20:53:42.731122 [debug] [Thread-2 (]: Began running node model.segmentation_analytics.mart_segments_summary
[0m20:53:42.737055 [info ] [Thread-3 (]: 2 of 4 START sql table model customer_dw_marts.mart_clv_analysis ............... [RUN]
[0m20:53:42.747503 [info ] [Thread-4 (]: 3 of 4 START sql table model customer_dw_marts.mart_segments_by_region ......... [RUN]
[0m20:53:42.757907 [debug] [Thread-3 (]: Acquiring new postgres connection 'model.segmentation_analytics.mart_clv_analysis'
[0m20:53:42.763961 [debug] [Thread-4 (]: Acquiring new postgres connection 'model.segmentation_analytics.mart_segments_by_region'
[0m20:53:42.753868 [info ] [Thread-2 (]: 4 of 4 START sql table model customer_dw_marts.mart_segments_summary ........... [RUN]
[0m20:53:42.765982 [debug] [Thread-3 (]: Began compiling node model.segmentation_analytics.mart_clv_analysis
[0m20:53:42.767997 [debug] [Thread-4 (]: Began compiling node model.segmentation_analytics.mart_segments_by_region
[0m20:53:42.770023 [debug] [Thread-2 (]: Acquiring new postgres connection 'model.segmentation_analytics.mart_segments_summary'
[0m20:53:42.783926 [debug] [Thread-3 (]: Writing injected SQL for node "model.segmentation_analytics.mart_clv_analysis"
[0m20:53:42.793926 [debug] [Thread-4 (]: Writing injected SQL for node "model.segmentation_analytics.mart_segments_by_region"
[0m20:53:42.794934 [debug] [Thread-2 (]: Began compiling node model.segmentation_analytics.mart_segments_summary
[0m20:53:42.819724 [debug] [Thread-2 (]: Writing injected SQL for node "model.segmentation_analytics.mart_segments_summary"
[0m20:53:42.823609 [debug] [Thread-3 (]: Began executing node model.segmentation_analytics.mart_clv_analysis
[0m20:53:42.825626 [debug] [Thread-4 (]: Began executing node model.segmentation_analytics.mart_segments_by_region
[0m20:53:42.863072 [debug] [Thread-2 (]: Began executing node model.segmentation_analytics.mart_segments_summary
[0m20:53:42.882172 [debug] [Thread-3 (]: Writing runtime sql for node "model.segmentation_analytics.mart_clv_analysis"
[0m20:53:42.886189 [debug] [Thread-4 (]: Writing runtime sql for node "model.segmentation_analytics.mart_segments_by_region"
[0m20:53:42.890209 [debug] [Thread-2 (]: Writing runtime sql for node "model.segmentation_analytics.mart_segments_summary"
[0m20:53:42.893609 [debug] [Thread-3 (]: Using postgres connection "model.segmentation_analytics.mart_clv_analysis"
[0m20:53:42.893609 [debug] [Thread-3 (]: On model.segmentation_analytics.mart_clv_analysis: /* {"app": "dbt", "dbt_version": "1.11.8", "profile_name": "segmentation_analytics", "target_name": "dev", "node_id": "model.segmentation_analytics.mart_clv_analysis"} */

  
    

  create  table "customer_segments"."customer_dw_marts"."mart_clv_analysis__dbt_tmp"
  
  
    as
  
  (
    /*
  Mart Model: mart_clv_analysis
  ================================
  Aggregates Customer Lifetime Value metrics
  by segment, region, channel and spend tier.
  Powers CLV analysis in Power BI.

  Author: Lawrence Koomson
*/

with staged as (

    select * from "customer_segments"."customer_dw_staging"."stg_customer_segments"

),

clv_analysis as (

    select
        segment_name,
        clv_tier,
        spend_tier,
        preferred_channel,
        region,
        age_group,
        gender,

        count(customer_id)                              as customer_count,
        round(avg(clv_score), 4)                        as avg_clv_score,
        round(min(clv_score), 4)                        as min_clv_score,
        round(max(clv_score), 4)                        as max_clv_score,
        round(avg(total_spend_ghs), 2)                  as avg_spend_ghs,
        round(sum(total_spend_ghs), 2)                  as total_revenue_ghs,
        round(avg(frequency), 2)                        as avg_frequency,
        round(avg(recency_days), 1)                     as avg_recency_days,
        round(avg(loyalty_points), 0)                   as avg_loyalty_points,
        count(case when momo_user then 1 end)           as momo_users

    from staged
    group by
        segment_name, clv_tier, spend_tier,
        preferred_channel, region, age_group, gender

)

select * from clv_analysis
order by avg_clv_score desc
  );
  
[0m20:53:42.896764 [debug] [Thread-3 (]: Opening a new connection, currently in state init
[0m20:53:44.016500 [debug] [Thread-4 (]: Using postgres connection "model.segmentation_analytics.mart_segments_by_region"
[0m20:53:44.025864 [debug] [Thread-2 (]: Using postgres connection "model.segmentation_analytics.mart_segments_summary"
[0m20:53:44.029323 [debug] [Thread-4 (]: On model.segmentation_analytics.mart_segments_by_region: /* {"app": "dbt", "dbt_version": "1.11.8", "profile_name": "segmentation_analytics", "target_name": "dev", "node_id": "model.segmentation_analytics.mart_segments_by_region"} */

  
    

  create  table "customer_segments"."customer_dw_marts"."mart_segments_by_region__dbt_tmp"
  
  
    as
  
  (
    /*
  Mart Model: mart_segments_by_region
  =====================================
  Aggregates customer segment distribution by Ghana region.
  Powers regional segment heatmap in Power BI.

  Author: Lawrence Koomson
*/

with staged as (

    select * from "customer_segments"."customer_dw_staging"."stg_customer_segments"

),

region_segments as (

    select
        region,
        segment_name,

        count(customer_id)                              as customer_count,
        round(avg(total_spend_ghs), 2)                  as avg_spend_ghs,
        round(sum(total_spend_ghs), 2)                  as total_revenue_ghs,
        round(avg(clv_score), 4)                        as avg_clv_score,
        round(avg(recency_days), 1)                     as avg_recency_days,
        round(avg(frequency), 2)                        as avg_frequency,

        count(case when momo_user then 1 end)           as momo_users,
        count(case when spend_tier = 'Platinum'
                   then 1 end)                          as platinum_customers

    from staged
    group by region, segment_name

)

select * from region_segments
order by region, avg_clv_score desc
  );
  
[0m20:53:44.032767 [debug] [Thread-2 (]: On model.segmentation_analytics.mart_segments_summary: /* {"app": "dbt", "dbt_version": "1.11.8", "profile_name": "segmentation_analytics", "target_name": "dev", "node_id": "model.segmentation_analytics.mart_segments_summary"} */

  
    

  create  table "customer_segments"."customer_dw_marts"."mart_segments_summary__dbt_tmp"
  
  
    as
  
  (
    /*
  Mart Model: mart_segments_summary
  ===================================
  Aggregates KPIs per customer segment.
  Powers segment comparison in Power BI.

  Author: Lawrence Koomson
*/

with staged as (

    select * from "customer_segments"."customer_dw_staging"."stg_customer_segments"

),

segment_summary as (

    select
        segment_name,

        count(customer_id)                              as total_customers,
        round(
            count(customer_id)::numeric
            / sum(count(customer_id)) over () * 100
        , 2)                                            as customer_share_pct,

        round(avg(recency_days), 1)                     as avg_recency_days,
        round(avg(frequency), 2)                        as avg_frequency,
        round(avg(total_spend_ghs), 2)                  as avg_total_spend_ghs,
        round(sum(total_spend_ghs), 2)                  as total_revenue_ghs,
        round(avg(avg_order_value_ghs), 2)              as avg_order_value_ghs,
        round(avg(clv_score), 4)                        as avg_clv_score,
        round(avg(loyalty_points), 0)                   as avg_loyalty_points,
        round(avg(num_complaints), 2)                   as avg_complaints,

        count(case when momo_user then 1 end)           as momo_users,
        round(
            count(case when momo_user then 1 end)::numeric
            / nullif(count(customer_id), 0) * 100
        , 2)                                            as momo_adoption_pct,

        count(case when spend_tier = 'Platinum'
                   then 1 end)                          as platinum_customers,
        count(case when spend_tier = 'Gold'
                   then 1 end)                          as gold_customers,

        round(
            sum(total_spend_ghs)
            / sum(sum(total_spend_ghs)) over () * 100
        , 2)                                            as revenue_share_pct,

        max(retention_action)                           as recommended_action

    from staged
    group by segment_name

)

select * from segment_summary
order by avg_clv_score desc
  );
  
[0m20:53:44.032767 [debug] [Thread-4 (]: Opening a new connection, currently in state init
[0m20:53:44.036685 [debug] [Thread-2 (]: Opening a new connection, currently in state init
[0m20:53:44.351275 [debug] [Thread-4 (]: SQL status: SELECT 24 in 0.319 seconds
[0m20:53:44.367815 [debug] [Thread-4 (]: Using postgres connection "model.segmentation_analytics.mart_segments_by_region"
[0m20:53:44.367815 [debug] [Thread-3 (]: SQL status: SELECT 2193 in 1.472 seconds
[0m20:53:44.367815 [debug] [Thread-2 (]: SQL status: SELECT 4 in 0.332 seconds
[0m20:53:44.367815 [debug] [Thread-4 (]: On model.segmentation_analytics.mart_segments_by_region: /* {"app": "dbt", "dbt_version": "1.11.8", "profile_name": "segmentation_analytics", "target_name": "dev", "node_id": "model.segmentation_analytics.mart_segments_by_region"} */
alter table "customer_segments"."customer_dw_marts"."mart_segments_by_region__dbt_tmp" rename to "mart_segments_by_region"
[0m20:53:44.367815 [debug] [Thread-3 (]: Using postgres connection "model.segmentation_analytics.mart_clv_analysis"
[0m20:53:44.375838 [debug] [Thread-2 (]: Using postgres connection "model.segmentation_analytics.mart_segments_summary"
[0m20:53:44.375838 [debug] [Thread-3 (]: On model.segmentation_analytics.mart_clv_analysis: /* {"app": "dbt", "dbt_version": "1.11.8", "profile_name": "segmentation_analytics", "target_name": "dev", "node_id": "model.segmentation_analytics.mart_clv_analysis"} */
alter table "customer_segments"."customer_dw_marts"."mart_clv_analysis__dbt_tmp" rename to "mart_clv_analysis"
[0m20:53:44.375838 [debug] [Thread-4 (]: SQL status: ALTER TABLE in 0.002 seconds
[0m20:53:44.384235 [debug] [Thread-2 (]: On model.segmentation_analytics.mart_segments_summary: /* {"app": "dbt", "dbt_version": "1.11.8", "profile_name": "segmentation_analytics", "target_name": "dev", "node_id": "model.segmentation_analytics.mart_segments_summary"} */
alter table "customer_segments"."customer_dw_marts"."mart_segments_summary__dbt_tmp" rename to "mart_segments_summary"
[0m20:53:44.387427 [debug] [Thread-4 (]: On model.segmentation_analytics.mart_segments_by_region: COMMIT
[0m20:53:44.387427 [debug] [Thread-3 (]: SQL status: ALTER TABLE in 0.003 seconds
[0m20:53:44.387427 [debug] [Thread-4 (]: Using postgres connection "model.segmentation_analytics.mart_segments_by_region"
[0m20:53:44.387427 [debug] [Thread-2 (]: SQL status: ALTER TABLE in 0.001 seconds
[0m20:53:44.387427 [debug] [Thread-3 (]: On model.segmentation_analytics.mart_clv_analysis: COMMIT
[0m20:53:44.392722 [debug] [Thread-4 (]: On model.segmentation_analytics.mart_segments_by_region: COMMIT
[0m20:53:44.395437 [debug] [Thread-2 (]: On model.segmentation_analytics.mart_segments_summary: COMMIT
[0m20:53:44.395437 [debug] [Thread-3 (]: Using postgres connection "model.segmentation_analytics.mart_clv_analysis"
[0m20:53:44.395437 [debug] [Thread-2 (]: Using postgres connection "model.segmentation_analytics.mart_segments_summary"
[0m20:53:44.395437 [debug] [Thread-3 (]: On model.segmentation_analytics.mart_clv_analysis: COMMIT
[0m20:53:44.395437 [debug] [Thread-2 (]: On model.segmentation_analytics.mart_segments_summary: COMMIT
[0m20:53:44.400448 [debug] [Thread-4 (]: SQL status: COMMIT in 0.004 seconds
[0m20:53:44.400448 [debug] [Thread-2 (]: SQL status: COMMIT in 0.002 seconds
[0m20:53:44.400448 [debug] [Thread-3 (]: SQL status: COMMIT in 0.003 seconds
[0m20:53:44.400448 [debug] [Thread-4 (]: Applying DROP to: "customer_segments"."customer_dw_marts"."mart_segments_by_region__dbt_backup"
[0m20:53:44.409602 [debug] [Thread-2 (]: Applying DROP to: "customer_segments"."customer_dw_marts"."mart_segments_summary__dbt_backup"
[0m20:53:44.409602 [debug] [Thread-3 (]: Applying DROP to: "customer_segments"."customer_dw_marts"."mart_clv_analysis__dbt_backup"
[0m20:53:44.416862 [debug] [Thread-4 (]: Using postgres connection "model.segmentation_analytics.mart_segments_by_region"
[0m20:53:44.418873 [debug] [Thread-2 (]: Using postgres connection "model.segmentation_analytics.mart_segments_summary"
[0m20:53:44.418873 [debug] [Thread-3 (]: Using postgres connection "model.segmentation_analytics.mart_clv_analysis"
[0m20:53:44.418873 [debug] [Thread-4 (]: On model.segmentation_analytics.mart_segments_by_region: /* {"app": "dbt", "dbt_version": "1.11.8", "profile_name": "segmentation_analytics", "target_name": "dev", "node_id": "model.segmentation_analytics.mart_segments_by_region"} */
drop table if exists "customer_segments"."customer_dw_marts"."mart_segments_by_region__dbt_backup" cascade
[0m20:53:44.418873 [debug] [Thread-2 (]: On model.segmentation_analytics.mart_segments_summary: /* {"app": "dbt", "dbt_version": "1.11.8", "profile_name": "segmentation_analytics", "target_name": "dev", "node_id": "model.segmentation_analytics.mart_segments_summary"} */
drop table if exists "customer_segments"."customer_dw_marts"."mart_segments_summary__dbt_backup" cascade
[0m20:53:44.418873 [debug] [Thread-3 (]: On model.segmentation_analytics.mart_clv_analysis: /* {"app": "dbt", "dbt_version": "1.11.8", "profile_name": "segmentation_analytics", "target_name": "dev", "node_id": "model.segmentation_analytics.mart_clv_analysis"} */
drop table if exists "customer_segments"."customer_dw_marts"."mart_clv_analysis__dbt_backup" cascade
[0m20:53:44.425637 [debug] [Thread-4 (]: SQL status: DROP TABLE in 0.001 seconds
[0m20:53:44.426392 [debug] [Thread-2 (]: SQL status: DROP TABLE in 0.002 seconds
[0m20:53:44.426392 [debug] [Thread-3 (]: SQL status: DROP TABLE in 0.003 seconds
[0m20:53:44.429407 [debug] [Thread-4 (]: On model.segmentation_analytics.mart_segments_by_region: Close
[0m20:53:44.429407 [debug] [Thread-2 (]: On model.segmentation_analytics.mart_segments_summary: Close
[0m20:53:44.433294 [debug] [Thread-3 (]: On model.segmentation_analytics.mart_clv_analysis: Close
[0m20:53:44.433294 [debug] [Thread-4 (]: Sending event: {'category': 'dbt', 'action': 'run_model', 'label': '72ad23a1-947e-4b24-a501-189df3310e38', 'context': [<snowplow_tracker.self_describing_json.SelfDescribingJson object at 0x000002B07212F2D0>]}
[0m20:53:44.433294 [debug] [Thread-2 (]: Sending event: {'category': 'dbt', 'action': 'run_model', 'label': '72ad23a1-947e-4b24-a501-189df3310e38', 'context': [<snowplow_tracker.self_describing_json.SelfDescribingJson object at 0x000002B0762C4BD0>]}
[0m20:53:44.433294 [debug] [Thread-3 (]: Sending event: {'category': 'dbt', 'action': 'run_model', 'label': '72ad23a1-947e-4b24-a501-189df3310e38', 'context': [<snowplow_tracker.self_describing_json.SelfDescribingJson object at 0x000002B076113C10>]}
[0m20:53:44.439722 [info ] [Thread-4 (]: 3 of 4 OK created sql table model customer_dw_marts.mart_segments_by_region .... [[32mSELECT 24[0m in 1.67s]
[0m20:53:44.443076 [info ] [Thread-2 (]: 4 of 4 OK created sql table model customer_dw_marts.mart_segments_summary ...... [[32mSELECT 4[0m in 1.66s]
[0m20:53:44.461503 [debug] [Thread-4 (]: Finished running node model.segmentation_analytics.mart_segments_by_region
[0m20:53:44.467584 [debug] [Thread-2 (]: Finished running node model.segmentation_analytics.mart_segments_summary
[0m20:53:44.453628 [info ] [Thread-3 (]: 2 of 4 OK created sql table model customer_dw_marts.mart_clv_analysis .......... [[32mSELECT 2193[0m in 1.68s]
[0m20:53:44.473648 [debug] [Thread-3 (]: Finished running node model.segmentation_analytics.mart_clv_analysis
[0m20:53:44.477955 [debug] [MainThread]: On master: COMMIT
[0m20:53:44.479970 [debug] [MainThread]: Using postgres connection "master"
[0m20:53:44.479970 [debug] [MainThread]: On master: COMMIT
[0m20:53:44.481726 [debug] [MainThread]: Opening a new connection, currently in state closed
[0m20:53:44.546684 [debug] [MainThread]: SQL status: COMMIT in 0.067 seconds
[0m20:53:44.546684 [debug] [MainThread]: On master: Close
[0m20:53:44.551824 [debug] [MainThread]: Connection 'master' was properly closed.
[0m20:53:44.551824 [debug] [MainThread]: Connection 'create_customer_segments_customer_dw_staging' was properly closed.
[0m20:53:44.551824 [debug] [MainThread]: Connection 'create_customer_segments_customer_dw_marts' was properly closed.
[0m20:53:44.554798 [debug] [MainThread]: Connection 'list_customer_segments_customer_dw_staging' was properly closed.
[0m20:53:44.554798 [debug] [MainThread]: Connection 'list_customer_segments_customer_dw_marts' was properly closed.
[0m20:53:44.554798 [debug] [MainThread]: Connection 'model.segmentation_analytics.stg_customer_segments' was properly closed.
[0m20:53:44.554798 [debug] [MainThread]: Connection 'model.segmentation_analytics.mart_clv_analysis' was properly closed.
[0m20:53:44.554798 [debug] [MainThread]: Connection 'model.segmentation_analytics.mart_segments_by_region' was properly closed.
[0m20:53:44.554798 [debug] [MainThread]: Connection 'model.segmentation_analytics.mart_segments_summary' was properly closed.
[0m20:53:44.554798 [info ] [MainThread]: 
[0m20:53:44.554798 [info ] [MainThread]: Finished running 3 table models, 1 view model in 0 hours 0 minutes and 7.85 seconds (7.85s).
[0m20:53:44.562823 [debug] [MainThread]: Command end result
[0m20:53:44.595308 [debug] [MainThread]: Wrote artifact WritableManifest to C:\Users\DELL\Documents\Customer-Segmentation-Analysis\dbt\target\manifest.json
[0m20:53:44.603726 [debug] [MainThread]: Wrote artifact SemanticManifest to C:\Users\DELL\Documents\Customer-Segmentation-Analysis\dbt\target\semantic_manifest.json
[0m20:53:44.611791 [debug] [MainThread]: Wrote artifact RunExecutionResult to C:\Users\DELL\Documents\Customer-Segmentation-Analysis\dbt\target\run_results.json
[0m20:53:44.611791 [info ] [MainThread]: 
[0m20:53:44.611791 [info ] [MainThread]: [32mCompleted successfully[0m
[0m20:53:44.611791 [info ] [MainThread]: 
[0m20:53:44.611791 [info ] [MainThread]: Done. PASS=4 WARN=0 ERROR=0 SKIP=0 NO-OP=0 TOTAL=4
[0m20:53:44.611791 [debug] [MainThread]: Command `dbt run` succeeded at 20:53:44.611791 after 14.21 seconds
[0m20:53:44.611791 [debug] [MainThread]: Sending event: {'category': 'dbt', 'action': 'invocation', 'label': 'end', 'context': [<snowplow_tracker.self_describing_json.SelfDescribingJson object at 0x000002B06DCF1210>, <snowplow_tracker.self_describing_json.SelfDescribingJson object at 0x000002B075B107D0>, <snowplow_tracker.self_describing_json.SelfDescribingJson object at 0x000002B06DF85650>]}
[0m20:53:44.619830 [debug] [MainThread]: Flushing usage events
[0m20:53:48.382605 [debug] [MainThread]: An error was encountered while trying to flush usage events
[0m20:54:44.760931 [debug] [MainThread]: Sending event: {'category': 'dbt', 'action': 'invocation', 'label': 'start', 'context': [<snowplow_tracker.self_describing_json.SelfDescribingJson object at 0x000002050F419010>, <snowplow_tracker.self_describing_json.SelfDescribingJson object at 0x0000020513D66F50>, <snowplow_tracker.self_describing_json.SelfDescribingJson object at 0x0000020513D67D10>]}


============================== 20:54:44.769707 | 159fd4c6-db56-4128-a059-8915d162d79a ==============================
[0m20:54:44.769707 [info ] [MainThread]: Running with dbt=1.11.8
[0m20:54:44.770290 [debug] [MainThread]: running dbt with arguments {'static_parser': 'True', 'no_print': 'None', 'version_check': 'True', 'warn_error_options': 'WarnErrorOptionsV2(error=[], warn=[], silence=[])', 'target_path': 'None', 'printer_width': '80', 'write_json': 'True', 'introspect': 'True', 'log_cache_events': 'False', 'empty': 'None', 'cache_selected_only': 'False', 'log_format': 'default', 'debug': 'False', 'fail_fast': 'False', 'profiles_dir': '.', 'send_anonymous_usage_stats': 'True', 'quiet': 'False', 'warn_error': 'None', 'partial_parse': 'True', 'invocation_command': 'dbt test --profiles-dir .', 'use_colors': 'True', 'indirect_selection': 'eager', 'use_experimental_parser': 'False', 'log_path': 'C:\\Users\\DELL\\Documents\\Customer-Segmentation-Analysis\\dbt\\logs'}
[0m20:54:45.047791 [debug] [MainThread]: Sending event: {'category': 'dbt', 'action': 'project_id', 'label': '159fd4c6-db56-4128-a059-8915d162d79a', 'context': [<snowplow_tracker.self_describing_json.SelfDescribingJson object at 0x0000020513D3D050>]}
[0m20:54:45.123708 [debug] [MainThread]: Sending event: {'category': 'dbt', 'action': 'adapter_info', 'label': '159fd4c6-db56-4128-a059-8915d162d79a', 'context': [<snowplow_tracker.self_describing_json.SelfDescribingJson object at 0x000002050F440090>]}
[0m20:54:45.123708 [info ] [MainThread]: Registered adapter: postgres=1.10.0
[0m20:54:45.574536 [debug] [MainThread]: checksum: 7d524ac048c2100769df89d592e662e060a73ca564e31bd9c2a37efdfe8d8ab6, vars: {}, profile: , target: , version: 1.11.8
[0m20:54:48.931148 [debug] [MainThread]: Partial parsing enabled: 0 files deleted, 0 files added, 0 files changed.
[0m20:54:48.935200 [debug] [MainThread]: Nothing changed, skipping partial parsing.
[0m20:54:48.939228 [debug] [MainThread]: Partial parsing enabled, no changes found, skipping parsing
[0m20:54:49.053990 [debug] [MainThread]: Sending event: {'category': 'dbt', 'action': 'load_project', 'label': '159fd4c6-db56-4128-a059-8915d162d79a', 'context': [<snowplow_tracker.self_describing_json.SelfDescribingJson object at 0x00000205124C4510>]}
[0m20:54:49.175894 [debug] [MainThread]: Wrote artifact WritableManifest to C:\Users\DELL\Documents\Customer-Segmentation-Analysis\dbt\target\manifest.json
[0m20:54:49.175894 [debug] [MainThread]: Wrote artifact SemanticManifest to C:\Users\DELL\Documents\Customer-Segmentation-Analysis\dbt\target\semantic_manifest.json
[0m20:54:49.495564 [debug] [MainThread]: Sending event: {'category': 'dbt', 'action': 'resource_counts', 'label': '159fd4c6-db56-4128-a059-8915d162d79a', 'context': [<snowplow_tracker.self_describing_json.SelfDescribingJson object at 0x0000020513D11390>]}
[0m20:54:49.498129 [info ] [MainThread]: Found 4 models, 4 data tests, 1 source, 465 macros
[0m20:54:49.498129 [debug] [MainThread]: Sending event: {'category': 'dbt', 'action': 'runnable_timing', 'label': '159fd4c6-db56-4128-a059-8915d162d79a', 'context': [<snowplow_tracker.self_describing_json.SelfDescribingJson object at 0x000002050F6E29D0>]}
[0m20:54:49.502490 [info ] [MainThread]: 
[0m20:54:49.503534 [info ] [MainThread]: Concurrency: 4 threads (target='dev')
[0m20:54:49.504893 [info ] [MainThread]: 
[0m20:54:49.520767 [debug] [MainThread]: Acquiring new postgres connection 'master'
[0m20:54:49.556816 [debug] [ThreadPool]: Acquiring new postgres connection 'list_customer_segments_customer_dw_staging'
[0m20:54:49.556816 [debug] [ThreadPool]: Acquiring new postgres connection 'list_customer_segments_customer_dw_marts'
[0m20:54:49.798686 [debug] [ThreadPool]: Using postgres connection "list_customer_segments_customer_dw_staging"
[0m20:54:49.798686 [debug] [ThreadPool]: Using postgres connection "list_customer_segments_customer_dw_marts"
[0m20:54:49.798686 [debug] [ThreadPool]: On list_customer_segments_customer_dw_staging: /* {"app": "dbt", "dbt_version": "1.11.8", "profile_name": "segmentation_analytics", "target_name": "dev", "connection_name": "list_customer_segments_customer_dw_staging"} */
select
      'customer_segments' as database,
      tablename as name,
      schemaname as schema,
      'table' as type
    from pg_tables
    where schemaname ilike 'customer_dw_staging'
    union all
    select
      'customer_segments' as database,
      viewname as name,
      schemaname as schema,
      'view' as type
    from pg_views
    where schemaname ilike 'customer_dw_staging'
    union all
    select
      'customer_segments' as database,
      matviewname as name,
      schemaname as schema,
      'materialized_view' as type
    from pg_matviews
    where schemaname ilike 'customer_dw_staging'
  
[0m20:54:49.802474 [debug] [ThreadPool]: On list_customer_segments_customer_dw_marts: /* {"app": "dbt", "dbt_version": "1.11.8", "profile_name": "segmentation_analytics", "target_name": "dev", "connection_name": "list_customer_segments_customer_dw_marts"} */
select
      'customer_segments' as database,
      tablename as name,
      schemaname as schema,
      'table' as type
    from pg_tables
    where schemaname ilike 'customer_dw_marts'
    union all
    select
      'customer_segments' as database,
      viewname as name,
      schemaname as schema,
      'view' as type
    from pg_views
    where schemaname ilike 'customer_dw_marts'
    union all
    select
      'customer_segments' as database,
      matviewname as name,
      schemaname as schema,
      'materialized_view' as type
    from pg_matviews
    where schemaname ilike 'customer_dw_marts'
  
[0m20:54:49.803412 [debug] [ThreadPool]: Opening a new connection, currently in state init
[0m20:54:49.803412 [debug] [ThreadPool]: Opening a new connection, currently in state init
[0m20:54:49.979884 [debug] [ThreadPool]: SQL status: SELECT 3 in 0.176 seconds
[0m20:54:49.987421 [debug] [ThreadPool]: On list_customer_segments_customer_dw_marts: ROLLBACK
[0m20:54:49.987421 [debug] [ThreadPool]: On list_customer_segments_customer_dw_marts: Close
[0m20:54:50.010925 [debug] [ThreadPool]: SQL status: SELECT 1 in 0.208 seconds
[0m20:54:50.010925 [debug] [ThreadPool]: On list_customer_segments_customer_dw_staging: ROLLBACK
[0m20:54:50.010925 [debug] [ThreadPool]: On list_customer_segments_customer_dw_staging: Close
[0m20:54:50.027345 [debug] [MainThread]: Using postgres connection "master"
[0m20:54:50.040916 [debug] [MainThread]: On master: /* {"app": "dbt", "dbt_version": "1.11.8", "profile_name": "segmentation_analytics", "target_name": "dev", "connection_name": "master"} */
select distinct
        dependent_namespace.nspname as dependent_schema,
        dependent_class.relname as dependent_name,
        referenced_namespace.nspname as referenced_schema,
        referenced_class.relname as referenced_name

    -- Query for views: views are entries in pg_class with an entry in pg_rewrite, but we avoid
    -- a seq scan on pg_rewrite by leveraging the fact there is an "internal" row in pg_depend for
    -- the view...
    from pg_class as dependent_class
    join pg_namespace as dependent_namespace on dependent_namespace.oid = dependent_class.relnamespace
    join pg_depend as dependent_depend on dependent_depend.refobjid = dependent_class.oid
        and dependent_depend.classid = 'pg_rewrite'::regclass
        and dependent_depend.refclassid = 'pg_class'::regclass
        and dependent_depend.deptype = 'i'

    -- ... and via pg_depend (that has a row per column, hence the need for "distinct" above, and
    -- making sure to exclude the internal row to avoid a view appearing to depend on itself)...
    join pg_depend as joining_depend on joining_depend.objid = dependent_depend.objid
        and joining_depend.classid = 'pg_rewrite'::regclass
        and joining_depend.refclassid = 'pg_class'::regclass
        and joining_depend.refobjid != dependent_depend.refobjid

    -- ... we can find the tables they query from in pg_class, but excluding system tables. Note we
    -- don't need need to exclude _dependent_ system tables, because they only query from other
    -- system tables, and so are automatically excluded by excluding _referenced_ system tables
    join pg_class as referenced_class on referenced_class.oid = joining_depend.refobjid
    join pg_namespace as referenced_namespace on referenced_namespace.oid = referenced_class.relnamespace
        and referenced_namespace.nspname != 'information_schema'
        and referenced_namespace.nspname not like 'pg\_%'

    order by
        dependent_schema, dependent_name, referenced_schema, referenced_name;
[0m20:54:50.044030 [debug] [MainThread]: Opening a new connection, currently in state init
[0m20:54:50.306834 [debug] [MainThread]: SQL status: SELECT 1 in 0.262 seconds
[0m20:54:50.315956 [debug] [MainThread]: Sending event: {'category': 'dbt', 'action': 'runnable_timing', 'label': '159fd4c6-db56-4128-a059-8915d162d79a', 'context': [<snowplow_tracker.self_describing_json.SelfDescribingJson object at 0x000002050EB21BD0>]}
[0m20:54:50.317966 [debug] [MainThread]: On master: ROLLBACK
[0m20:54:50.328242 [debug] [MainThread]: On master: COMMIT
[0m20:54:50.346662 [debug] [MainThread]: Using postgres connection "master"
[0m20:54:50.348673 [debug] [MainThread]: On master: COMMIT
[0m20:54:50.354719 [debug] [MainThread]: SQL status: COMMIT in 0.001 seconds
[0m20:54:50.357476 [debug] [MainThread]: On master: Close
[0m20:54:50.385758 [debug] [Thread-1 (]: Began running node test.segmentation_analytics.not_null_stg_customer_segments_clv_score.9520d5ea87
[0m20:54:50.387887 [debug] [Thread-2 (]: Began running node test.segmentation_analytics.not_null_stg_customer_segments_customer_id.af376c2326
[0m20:54:50.388900 [debug] [Thread-3 (]: Began running node test.segmentation_analytics.not_null_stg_customer_segments_segment_name.e28cfba681
[0m20:54:50.395031 [debug] [Thread-4 (]: Began running node test.segmentation_analytics.unique_stg_customer_segments_customer_id.6fb5bf32e9
[0m20:54:50.397042 [info ] [Thread-1 (]: 1 of 4 START test not_null_stg_customer_segments_clv_score ..................... [RUN]
[0m20:54:50.399056 [info ] [Thread-2 (]: 2 of 4 START test not_null_stg_customer_segments_customer_id ................... [RUN]
[0m20:54:50.401076 [info ] [Thread-3 (]: 3 of 4 START test not_null_stg_customer_segments_segment_name .................. [RUN]
[0m20:54:50.406648 [debug] [Thread-1 (]: Acquiring new postgres connection 'test.segmentation_analytics.not_null_stg_customer_segments_clv_score.9520d5ea87'
[0m20:54:50.402472 [info ] [Thread-4 (]: 4 of 4 START test unique_stg_customer_segments_customer_id ..................... [RUN]
[0m20:54:50.408668 [debug] [Thread-2 (]: Acquiring new postgres connection 'test.segmentation_analytics.not_null_stg_customer_segments_customer_id.af376c2326'
[0m20:54:50.412702 [debug] [Thread-3 (]: Acquiring new postgres connection 'test.segmentation_analytics.not_null_stg_customer_segments_segment_name.e28cfba681'
[0m20:54:50.414714 [debug] [Thread-1 (]: Began compiling node test.segmentation_analytics.not_null_stg_customer_segments_clv_score.9520d5ea87
[0m20:54:50.416726 [debug] [Thread-4 (]: Acquiring new postgres connection 'test.segmentation_analytics.unique_stg_customer_segments_customer_id.6fb5bf32e9'
[0m20:54:50.416726 [debug] [Thread-2 (]: Began compiling node test.segmentation_analytics.not_null_stg_customer_segments_customer_id.af376c2326
[0m20:54:50.419161 [debug] [Thread-3 (]: Began compiling node test.segmentation_analytics.not_null_stg_customer_segments_segment_name.e28cfba681
[0m20:54:50.484721 [debug] [Thread-1 (]: Writing injected SQL for node "test.segmentation_analytics.not_null_stg_customer_segments_clv_score.9520d5ea87"
[0m20:54:50.492897 [debug] [Thread-4 (]: Began compiling node test.segmentation_analytics.unique_stg_customer_segments_customer_id.6fb5bf32e9
[0m20:54:50.512151 [debug] [Thread-2 (]: Writing injected SQL for node "test.segmentation_analytics.not_null_stg_customer_segments_customer_id.af376c2326"
[0m20:54:50.531544 [debug] [Thread-3 (]: Writing injected SQL for node "test.segmentation_analytics.not_null_stg_customer_segments_segment_name.e28cfba681"
[0m20:54:50.573165 [debug] [Thread-4 (]: Writing injected SQL for node "test.segmentation_analytics.unique_stg_customer_segments_customer_id.6fb5bf32e9"
[0m20:54:50.573165 [debug] [Thread-1 (]: Began executing node test.segmentation_analytics.not_null_stg_customer_segments_clv_score.9520d5ea87
[0m20:54:50.633724 [debug] [Thread-1 (]: Writing runtime sql for node "test.segmentation_analytics.not_null_stg_customer_segments_clv_score.9520d5ea87"
[0m20:54:52.011315 [debug] [Thread-1 (]: Using postgres connection "test.segmentation_analytics.not_null_stg_customer_segments_clv_score.9520d5ea87"
[0m20:54:52.011315 [debug] [Thread-1 (]: On test.segmentation_analytics.not_null_stg_customer_segments_clv_score.9520d5ea87: /* {"app": "dbt", "dbt_version": "1.11.8", "profile_name": "segmentation_analytics", "target_name": "dev", "node_id": "test.segmentation_analytics.not_null_stg_customer_segments_clv_score.9520d5ea87"} */

    
    select
      count(*) as failures,
      count(*) != 0 as should_warn,
      count(*) != 0 as should_error
    from (
      
    
  
    
    



select clv_score
from "customer_segments"."customer_dw_staging"."stg_customer_segments"
where clv_score is null



  
  
      
    ) dbt_internal_test
[0m20:54:52.011315 [debug] [Thread-1 (]: Opening a new connection, currently in state init
[0m20:54:52.057668 [debug] [Thread-2 (]: Began executing node test.segmentation_analytics.not_null_stg_customer_segments_customer_id.af376c2326
[0m20:54:52.102114 [debug] [Thread-4 (]: Began executing node test.segmentation_analytics.unique_stg_customer_segments_customer_id.6fb5bf32e9
[0m20:54:52.105831 [debug] [Thread-2 (]: Writing runtime sql for node "test.segmentation_analytics.not_null_stg_customer_segments_customer_id.af376c2326"
[0m20:54:52.107843 [debug] [Thread-3 (]: Began executing node test.segmentation_analytics.not_null_stg_customer_segments_segment_name.e28cfba681
[0m20:54:52.154167 [debug] [Thread-3 (]: Writing runtime sql for node "test.segmentation_analytics.not_null_stg_customer_segments_segment_name.e28cfba681"
[0m20:54:52.159202 [debug] [Thread-2 (]: Using postgres connection "test.segmentation_analytics.not_null_stg_customer_segments_customer_id.af376c2326"
[0m20:54:52.161603 [debug] [Thread-2 (]: On test.segmentation_analytics.not_null_stg_customer_segments_customer_id.af376c2326: /* {"app": "dbt", "dbt_version": "1.11.8", "profile_name": "segmentation_analytics", "target_name": "dev", "node_id": "test.segmentation_analytics.not_null_stg_customer_segments_customer_id.af376c2326"} */

    
    select
      count(*) as failures,
      count(*) != 0 as should_warn,
      count(*) != 0 as should_error
    from (
      
    
  
    
    



select customer_id
from "customer_segments"."customer_dw_staging"."stg_customer_segments"
where customer_id is null



  
  
      
    ) dbt_internal_test
[0m20:54:52.162641 [debug] [Thread-3 (]: Using postgres connection "test.segmentation_analytics.not_null_stg_customer_segments_segment_name.e28cfba681"
[0m20:54:52.118978 [debug] [Thread-4 (]: Writing runtime sql for node "test.segmentation_analytics.unique_stg_customer_segments_customer_id.6fb5bf32e9"
[0m20:54:52.164650 [debug] [Thread-2 (]: Opening a new connection, currently in state init
[0m20:54:52.166659 [debug] [Thread-3 (]: On test.segmentation_analytics.not_null_stg_customer_segments_segment_name.e28cfba681: /* {"app": "dbt", "dbt_version": "1.11.8", "profile_name": "segmentation_analytics", "target_name": "dev", "node_id": "test.segmentation_analytics.not_null_stg_customer_segments_segment_name.e28cfba681"} */

    
    select
      count(*) as failures,
      count(*) != 0 as should_warn,
      count(*) != 0 as should_error
    from (
      
    
  
    
    



select segment_name
from "customer_segments"."customer_dw_staging"."stg_customer_segments"
where segment_name is null



  
  
      
    ) dbt_internal_test
[0m20:54:52.169031 [debug] [Thread-4 (]: Using postgres connection "test.segmentation_analytics.unique_stg_customer_segments_customer_id.6fb5bf32e9"
[0m20:54:52.170771 [debug] [Thread-3 (]: Opening a new connection, currently in state init
[0m20:54:52.172781 [debug] [Thread-4 (]: On test.segmentation_analytics.unique_stg_customer_segments_customer_id.6fb5bf32e9: /* {"app": "dbt", "dbt_version": "1.11.8", "profile_name": "segmentation_analytics", "target_name": "dev", "node_id": "test.segmentation_analytics.unique_stg_customer_segments_customer_id.6fb5bf32e9"} */

    
    select
      count(*) as failures,
      count(*) != 0 as should_warn,
      count(*) != 0 as should_error
    from (
      
    
  
    
    

select
    customer_id as unique_field,
    count(*) as n_records

from "customer_segments"."customer_dw_staging"."stg_customer_segments"
where customer_id is not null
group by customer_id
having count(*) > 1



  
  
      
    ) dbt_internal_test
[0m20:54:52.175314 [debug] [Thread-4 (]: Opening a new connection, currently in state init
[0m20:54:52.246281 [debug] [Thread-1 (]: SQL status: SELECT 1 in 0.231 seconds
[0m20:54:52.267748 [debug] [Thread-1 (]: On test.segmentation_analytics.not_null_stg_customer_segments_clv_score.9520d5ea87: ROLLBACK
[0m20:54:52.269125 [debug] [Thread-1 (]: On test.segmentation_analytics.not_null_stg_customer_segments_clv_score.9520d5ea87: Close
[0m20:54:52.421856 [info ] [Thread-1 (]: 1 of 4 PASS not_null_stg_customer_segments_clv_score ........................... [[32mPASS[0m in 2.01s]
[0m20:54:52.551427 [debug] [Thread-1 (]: Finished running node test.segmentation_analytics.not_null_stg_customer_segments_clv_score.9520d5ea87
[0m20:54:52.682427 [debug] [Thread-2 (]: SQL status: SELECT 1 in 0.517 seconds
[0m20:54:52.700797 [debug] [Thread-2 (]: On test.segmentation_analytics.not_null_stg_customer_segments_customer_id.af376c2326: ROLLBACK
[0m20:54:52.704829 [debug] [Thread-2 (]: On test.segmentation_analytics.not_null_stg_customer_segments_customer_id.af376c2326: Close
[0m20:54:52.708860 [info ] [Thread-2 (]: 2 of 4 PASS not_null_stg_customer_segments_customer_id ......................... [[32mPASS[0m in 2.30s]
[0m20:54:52.737068 [debug] [Thread-2 (]: Finished running node test.segmentation_analytics.not_null_stg_customer_segments_customer_id.af376c2326
[0m20:54:54.119919 [debug] [Thread-3 (]: SQL status: SELECT 1 in 1.948 seconds
[0m20:54:54.124286 [debug] [Thread-4 (]: SQL status: SELECT 1 in 1.949 seconds
[0m20:54:54.124286 [debug] [Thread-3 (]: On test.segmentation_analytics.not_null_stg_customer_segments_segment_name.e28cfba681: ROLLBACK
[0m20:54:54.138670 [debug] [Thread-4 (]: On test.segmentation_analytics.unique_stg_customer_segments_customer_id.6fb5bf32e9: ROLLBACK
[0m20:54:54.145420 [debug] [Thread-3 (]: On test.segmentation_analytics.not_null_stg_customer_segments_segment_name.e28cfba681: Close
[0m20:54:54.148966 [debug] [Thread-4 (]: On test.segmentation_analytics.unique_stg_customer_segments_customer_id.6fb5bf32e9: Close
[0m20:54:54.153473 [info ] [Thread-3 (]: 3 of 4 PASS not_null_stg_customer_segments_segment_name ........................ [[32mPASS[0m in 3.74s]
[0m20:54:54.159572 [debug] [Thread-3 (]: Finished running node test.segmentation_analytics.not_null_stg_customer_segments_segment_name.e28cfba681
[0m20:54:54.156518 [info ] [Thread-4 (]: 4 of 4 PASS unique_stg_customer_segments_customer_id ........................... [[32mPASS[0m in 3.74s]
[0m20:54:54.162939 [debug] [Thread-4 (]: Finished running node test.segmentation_analytics.unique_stg_customer_segments_customer_id.6fb5bf32e9
[0m20:54:54.165691 [debug] [MainThread]: On master: COMMIT
[0m20:54:54.169035 [debug] [MainThread]: Using postgres connection "master"
[0m20:54:54.169035 [debug] [MainThread]: On master: COMMIT
[0m20:54:54.169035 [debug] [MainThread]: Opening a new connection, currently in state closed
[0m20:54:54.269081 [debug] [MainThread]: SQL status: COMMIT in 0.098 seconds
[0m20:54:54.270129 [debug] [MainThread]: On master: Close
[0m20:54:54.271202 [debug] [MainThread]: Connection 'master' was properly closed.
[0m20:54:54.271202 [debug] [MainThread]: Connection 'list_customer_segments_customer_dw_staging' was properly closed.
[0m20:54:54.271202 [debug] [MainThread]: Connection 'list_customer_segments_customer_dw_marts' was properly closed.
[0m20:54:54.271202 [debug] [MainThread]: Connection 'test.segmentation_analytics.not_null_stg_customer_segments_clv_score.9520d5ea87' was properly closed.
[0m20:54:54.271202 [debug] [MainThread]: Connection 'test.segmentation_analytics.not_null_stg_customer_segments_customer_id.af376c2326' was properly closed.
[0m20:54:54.271202 [debug] [MainThread]: Connection 'test.segmentation_analytics.not_null_stg_customer_segments_segment_name.e28cfba681' was properly closed.
[0m20:54:54.271202 [debug] [MainThread]: Connection 'test.segmentation_analytics.unique_stg_customer_segments_customer_id.6fb5bf32e9' was properly closed.
[0m20:54:54.278267 [info ] [MainThread]: 
[0m20:54:54.278267 [info ] [MainThread]: Finished running 4 data tests in 0 hours 0 minutes and 4.75 seconds (4.75s).
[0m20:54:54.278267 [debug] [MainThread]: Command end result
[0m20:54:54.343613 [debug] [MainThread]: Wrote artifact WritableManifest to C:\Users\DELL\Documents\Customer-Segmentation-Analysis\dbt\target\manifest.json
[0m20:54:54.343613 [debug] [MainThread]: Wrote artifact SemanticManifest to C:\Users\DELL\Documents\Customer-Segmentation-Analysis\dbt\target\semantic_manifest.json
[0m20:54:54.359635 [debug] [MainThread]: Wrote artifact RunExecutionResult to C:\Users\DELL\Documents\Customer-Segmentation-Analysis\dbt\target\run_results.json
[0m20:54:54.359635 [info ] [MainThread]: 
[0m20:54:54.359635 [info ] [MainThread]: [32mCompleted successfully[0m
[0m20:54:54.359635 [info ] [MainThread]: 
[0m20:54:54.365902 [info ] [MainThread]: Done. PASS=4 WARN=0 ERROR=0 SKIP=0 NO-OP=0 TOTAL=4
[0m20:54:54.367666 [debug] [MainThread]: Command `dbt test` succeeded at 20:54:54.367666 after 9.77 seconds
[0m20:54:54.369066 [debug] [MainThread]: Sending event: {'category': 'dbt', 'action': 'invocation', 'label': 'end', 'context': [<snowplow_tracker.self_describing_json.SelfDescribingJson object at 0x000002050BEC1210>, <snowplow_tracker.self_describing_json.SelfDescribingJson object at 0x0000020513D678D0>, <snowplow_tracker.self_describing_json.SelfDescribingJson object at 0x0000020513D67210>]}
[0m20:54:54.369066 [debug] [MainThread]: Flushing usage events
[0m20:55:01.188347 [debug] [MainThread]: An error was encountered while trying to flush usage events
